{
  "RSpec": {
    "coverage": {
      "/home/avid-port-0528/tic-tac-toe-rb-online-web-sp-000/lib/tic_tac_toe.rb": [
        1,
        21,
        null,
        null,
        21,
        189,
        31,
        null,
        null,
        21,
        null,
        null,
        null,
        1,
        20,
        14,
        null,
        6,
        null,
        null,
        null,
        1,
        0,
        null,
        null,
        null,
        null,
        null,
        1,
        null,
        null,
        null,
        null,
        null,
        null,
        null,
        null,
        null,
        null,
        null,
        null,
        1,
        55,
        349,
        349,
        349,
        349,
        349,
        349,
        349,
        15,
        334,
        4,
        null,
        null,
        null,
        null,
        null,
        null,
        1,
        40,
        181,
        31,
        null,
        null,
        9,
        null,
        null,
        null,
        null,
        null,
        1,
        20,
        18,
        4,
        null,
        14,
        null,
        2,
        2,
        null,
        null,
        null,
        null,
        1,
        21,
        10,
        null,
        null,
        null,
        null,
        1,
        3,
        3,
        null,
        null,
        2,
        2,
        null,
        null,
        null,
        1,
        24,
        24,
        24,
        24,
        24,
        null,
        null,
        1,
        23,
        null,
        null,
        1,
        22,
        null,
        null,
        1,
        25,
        null,
        null,
        1,
        23,
        null,
        null,
        1,
        19,
        19,
        19,
        19,
        1,
        1,
        1,
        null,
        19,
        19,
        null,
        null,
        null,
        1,
        12,
        17,
        null,
        12,
        5,
        5,
        1,
        null,
        4,
        4,
        null,
        7,
        3,
        null,
        null,
        null,
        null
      ]
    },
    "timestamp": 1568671718
  }
}
