{
  "RSpec": {
    "coverage": {
      "/home/avid-port-0528/tic-tac-toe-rb-online-web-sp-000/lib/tic_tac_toe.rb": [
        1,
        26,
        null,
        null,
        26,
        234,
        45,
        null,
        null,
        26,
        null,
        null,
        null,
        1,
        25,
        17,
        null,
        8,
        null,
        null,
        null,
        1,
        0,
        null,
        null,
        null,
        null,
        null,
        1,
        null,
        null,
        null,
        null,
        null,
        null,
        null,
        null,
        null,
        null,
        null,
        null,
        1,
        13,
        79,
        79,
        79,
        79,
        79,
        79,
        79,
        6,
        73,
        1,
        null,
        null,
        null,
        null,
        null,
        null,
        1,
        8,
        51,
        3,
        null,
        null,
        5,
        null,
        null,
        null,
        null,
        null,
        1,
        6,
        4,
        2,
        null,
        2,
        null,
        2,
        2,
        null,
        null,
        null,
        null,
        1,
        3,
        2,
        null,
        null,
        null,
        null,
        1,
        3,
        3,
        null,
        null,
        2,
        2,
        null,
        null,
        null,
        1,
        29,
        29,
        29,
        29,
        29,
        null,
        null,
        1,
        66,
        null,
        null,
        1,
        27,
        null,
        null,
        1,
        68,
        null,
        null,
        1,
        66,
        null,
        null,
        1,
        67,
        67,
        63,
        63,
        24,
        24,
        null,
        null,
        null,
        null,
        null,
        null,
        1,
        12,
        12,
        67,
        61,
        null,
        null,
        null,
        null,
        null
      ]
    },
    "timestamp": 1568669877
  }
}
